<?xml version="1.0" encoding="UTF-8"?>
<testsuite xmlns:xsi="http://www.w3.org/2001/XMLSchema-instance" xsi:noNamespaceSchemaLocation="https://maven.apache.org/surefire/maven-surefire-plugin/xsd/surefire-test-report-3.0.xsd" version="3.0" name="PlatilloCrudTest" time="0.037" tests="5" errors="0" skipped="0" failures="0">
  <properties>
    <property name="java.specification.version" value="20"/>
    <property name="sun.cpu.isalist" value="amd64"/>
    <property name="sun.jnu.encoding" value="Cp1252"/>
    <property name="java.class.path" value="C:\Users\Luis Maldonado\IdeaProjects\untitled\target\test-classes;C:\Users\Luis Maldonado\IdeaProjects\untitled\target\classes;C:\Users\Luis Maldonado\.m2\repository\junit\junit\4.13.2\junit-4.13.2.jar;C:\Users\Luis Maldonado\.m2\repository\org\hamcrest\hamcrest-core\1.3\hamcrest-core-1.3.jar;C:\Users\Luis Maldonado\.m2\repository\org\junit\jupiter\junit-jupiter\6.0.0-M2\junit-jupiter-6.0.0-M2.jar;C:\Users\Luis Maldonado\.m2\repository\org\junit\jupiter\junit-jupiter-api\6.0.0-M2\junit-jupiter-api-6.0.0-M2.jar;C:\Users\Luis Maldonado\.m2\repository\org\opentest4j\opentest4j\1.3.0\opentest4j-1.3.0.jar;C:\Users\Luis Maldonado\.m2\repository\org\junit\platform\junit-platform-commons\6.0.0-M2\junit-platform-commons-6.0.0-M2.jar;C:\Users\Luis Maldonado\.m2\repository\org\apiguardian\apiguardian-api\1.1.2\apiguardian-api-1.1.2.jar;C:\Users\Luis Maldonado\.m2\repository\org\jspecify\jspecify\1.0.0\jspecify-1.0.0.jar;C:\Users\Luis Maldonado\.m2\repository\org\junit\jupiter\junit-jupiter-params\6.0.0-M2\junit-jupiter-params-6.0.0-M2.jar;C:\Users\Luis Maldonado\.m2\repository\org\junit\jupiter\junit-jupiter-engine\6.0.0-M2\junit-jupiter-engine-6.0.0-M2.jar;C:\Users\Luis Maldonado\.m2\repository\org\junit\platform\junit-platform-engine\6.0.0-M2\junit-platform-engine-6.0.0-M2.jar;"/>
    <property name="java.vm.vendor" value="Oracle Corporation"/>
    <property name="sun.arch.data.model" value="64"/>
    <property name="user.variant" value=""/>
    <property name="java.vendor.url" value="https://java.oracle.com/"/>
    <property name="user.timezone" value="America/Bogota"/>
    <property name="os.name" value="Windows 11"/>
    <property name="java.vm.specification.version" value="20"/>
    <property name="user.country" value="CO"/>
    <property name="sun.java.launcher" value="SUN_STANDARD"/>
    <property name="sun.boot.library.path" value="C:\Program Files\Java\jdk-20\bin"/>
    <property name="sun.java.command" value="C:\Users\Luis Maldonado\AppData\Local\Temp\surefire8358242927491253229\surefirebooter-20250818225523501_3.jar C:\Users\Luis Maldonado\AppData\Local\Temp\surefire8358242927491253229 2025-08-18T22-55-23_128-jvmRun1 surefire-20250818225523501_1tmp surefire_0-20250818225523501_2tmp"/>
    <property name="jdk.debug" value="release"/>
    <property name="surefire.test.class.path" value="C:\Users\Luis Maldonado\IdeaProjects\untitled\target\test-classes;C:\Users\Luis Maldonado\IdeaProjects\untitled\target\classes;C:\Users\Luis Maldonado\.m2\repository\junit\junit\4.13.2\junit-4.13.2.jar;C:\Users\Luis Maldonado\.m2\repository\org\hamcrest\hamcrest-core\1.3\hamcrest-core-1.3.jar;C:\Users\Luis Maldonado\.m2\repository\org\junit\jupiter\junit-jupiter\6.0.0-M2\junit-jupiter-6.0.0-M2.jar;C:\Users\Luis Maldonado\.m2\repository\org\junit\jupiter\junit-jupiter-api\6.0.0-M2\junit-jupiter-api-6.0.0-M2.jar;C:\Users\Luis Maldonado\.m2\repository\org\opentest4j\opentest4j\1.3.0\opentest4j-1.3.0.jar;C:\Users\Luis Maldonado\.m2\repository\org\junit\platform\junit-platform-commons\6.0.0-M2\junit-platform-commons-6.0.0-M2.jar;C:\Users\Luis Maldonado\.m2\repository\org\apiguardian\apiguardian-api\1.1.2\apiguardian-api-1.1.2.jar;C:\Users\Luis Maldonado\.m2\repository\org\jspecify\jspecify\1.0.0\jspecify-1.0.0.jar;C:\Users\Luis Maldonado\.m2\repository\org\junit\jupiter\junit-jupiter-params\6.0.0-M2\junit-jupiter-params-6.0.0-M2.jar;C:\Users\Luis Maldonado\.m2\repository\org\junit\jupiter\junit-jupiter-engine\6.0.0-M2\junit-jupiter-engine-6.0.0-M2.jar;C:\Users\Luis Maldonado\.m2\repository\org\junit\platform\junit-platform-engine\6.0.0-M2\junit-platform-engine-6.0.0-M2.jar;"/>
    <property name="sun.cpu.endian" value="little"/>
    <property name="user.home" value="C:\Users\Luis Maldonado"/>
    <property name="user.language" value="es"/>
    <property name="java.specification.vendor" value="Oracle Corporation"/>
    <property name="java.version.date" value="2023-07-18"/>
    <property name="java.home" value="C:\Program Files\Java\jdk-20"/>
    <property name="file.separator" value="\"/>
    <property name="basedir" value="C:\Users\Luis Maldonado\IdeaProjects\untitled"/>
    <property name="style.color" value="always"/>
    <property name="java.vm.compressedOopsMode" value="32-bit"/>
    <property name="line.separator" value="&#10;"/>
    <property name="java.vm.specification.vendor" value="Oracle Corporation"/>
    <property name="java.specification.name" value="Java Platform API Specification"/>
    <property name="surefire.real.class.path" value="C:\Users\Luis Maldonado\AppData\Local\Temp\surefire8358242927491253229\surefirebooter-20250818225523501_3.jar"/>
    <property name="user.script" value=""/>
    <property name="sun.management.compiler" value="HotSpot 64-Bit Tiered Compilers"/>
    <property name="java.runtime.version" value="20.0.2+9-78"/>
    <property name="user.name" value="Luis Maldonado"/>
    <property name="stdout.encoding" value="Cp1252"/>
    <property name="path.separator" value=";"/>
    <property name="os.version" value="10.0"/>
    <property name="java.runtime.name" value="Java(TM) SE Runtime Environment"/>
    <property name="file.encoding" value="UTF-8"/>
    <property name="java.vm.name" value="Java HotSpot(TM) 64-Bit Server VM"/>
    <property name="maven.ext.class.path" value="C:\Program Files\JetBrains\IntelliJ IDEA 2025.2\plugins\maven\lib\maven-event-listener.jar"/>
    <property name="localRepository" value="C:\Users\Luis Maldonado\.m2\repository"/>
    <property name="java.vendor.url.bug" value="https://bugreport.java.com/bugreport/"/>
    <property name="java.io.tmpdir" value="C:\Users\LUISMA~1\AppData\Local\Temp\"/>
    <property name="idea.version" value="2025.2"/>
    <property name="java.version" value="20.0.2"/>
    <property name="user.dir" value="C:\Users\Luis Maldonado\IdeaProjects\untitled"/>
    <property name="os.arch" value="amd64"/>
    <property name="jansi.passthrough" value="true"/>
    <property name="java.vm.specification.name" value="Java Virtual Machine Specification"/>
    <property name="sun.os.patch.level" value=""/>
    <property name="native.encoding" value="Cp1252"/>
    <property name="java.library.path" value="C:\Program Files\Java\jdk-20\bin;C:\Windows\Sun\Java\bin;C:\Windows\system32;C:\Windows;C:\oraclexe\app\oracle\product\11.2.0\server\bin;C:\Program Files\Common Files\Oracle\Java\javapath;C:\Windows\system32;C:\Windows;C:\Windows\System32\Wbem;C:\Windows\System32\WindowsPowerShell\v1.0\;C:\Windows\System32\OpenSSH\;C:\Program Files\Git\cmd;C:\Program Files (x86)\Microsoft SQL Server\160\Tools\Binn\;C:\Program Files\Microsoft SQL Server\160\Tools\Binn\;C:\Program Files\Microsoft SQL Server\Client SDK\ODBC\170\Tools\Binn\;C:\Program Files\Microsoft SQL Server\160\DTS\Binn\;C:\Program Files (x86)\Microsoft SQL Server\160\DTS\Binn\;C:\Program Files\nodejs\;C:\Users\Luis Maldonado\AppData\Local\Programs\Python\Launcher\;C:\Users\Luis Maldonado\AppData\Local\Microsoft\WindowsApps;C:\Users\Luis Maldonado\AppData\Local\Programs\Microsoft VS Code\bin;C:\Users\Luis Maldonado\AppData\Roaming\npm;C:\Program Files\JetBrains\IntelliJ IDEA 2025.2\bin;."/>
    <property name="java.vm.info" value="mixed mode, sharing"/>
    <property name="stderr.encoding" value="Cp1252"/>
    <property name="java.vendor" value="Oracle Corporation"/>
    <property name="java.vm.version" value="20.0.2+9-78"/>
    <property name="sun.io.unicode.encoding" value="UnicodeLittle"/>
    <property name="java.class.version" value="64.0"/>
  </properties>
  <testcase name="test_agregar_varios_platillos_debe_guardarlos_todos_en_menu" classname="PlatilloCrudTest" time="0.008"/>
  <testcase name="test_menu_inicial_debe_estar_vacio" classname="PlatilloCrudTest" time="0.004"/>
  <testcase name="test_crear_platillo_sin_descripcion_debe_lanzar_excepcion" classname="PlatilloCrudTest" time="0.004"/>
  <testcase name="test_crear_platillo_sin_nombre_debe_lanzar_excepcion" classname="PlatilloCrudTest" time="0.004"/>
  <testcase name="test_crear_platillo_valido_debe_agregarse_al_menu" classname="PlatilloCrudTest" time="0.002"/>
</testsuite>